<?xml version="1.0" encoding="utf-8"?><testsuites name="pytest tests"><testsuite name="pytest" errors="0" failures="0" skipped="0" tests="40" time="2.321" timestamp="2026-01-15T19:01:40.988275+00:00" hostname="agent-env-a6f10eaa-906d-4eaf-ad92-1810abf4a54c"><testcase classname="tests.test_comprehensive_hr.TestHRPlatformComprehensive" name="test_01_admin_login" time="0.296" /><testcase classname="tests.test_comprehensive_hr.TestHRPlatformComprehensive" name="test_02_employee_login" time="0.265" /><testcase classname="tests.test_comprehensive_hr.TestHRPlatformComprehensive" name="test_03_get_current_user" time="0.042" /><testcase classname="tests.test_comprehensive_hr.TestHRPlatformComprehensive" name="test_04_get_dashboard_stats" time="0.044" /><testcase classname="tests.test_comprehensive_hr.TestHRPlatformComprehensive" name="test_05_get_employees_list" time="0.042" /><testcase classname="tests.test_comprehensive_hr.TestHRPlatformComprehensive" name="test_06_get_leaves_list" time="0.040" /><testcase classname="tests.test_comprehensive_hr.TestHRPlatformComprehensive" name="test_07_get_attendance_records" time="0.038" /><testcase classname="tests.test_comprehensive_hr.TestHRPlatformComprehensive" name="test_08_get_jobs_list" time="0.045" /><testcase classname="tests.test_comprehensive_hr.TestHRPlatformComprehensive" name="test_09_get_applications_list" time="0.043" /><testcase classname="tests.test_comprehensive_hr.TestHRPlatformComprehensive" name="test_10_get_onboarding_templates" time="0.039" /><testcase classname="tests.test_comprehensive_hr.TestHRPlatformComprehensive" name="test_11_get_onboardings_list" time="0.040" /><testcase classname="tests.test_comprehensive_hr.TestHRPlatformComprehensive" name="test_12_get_onboarding_stats" time="0.039" /><testcase classname="tests.test_comprehensive_hr.TestHRPlatformComprehensive" name="test_13_get_offboarding_templates" time="0.038" /><testcase classname="tests.test_comprehensive_hr.TestHRPlatformComprehensive" name="test_14_get_offboardings_list" time="0.040" /><testcase classname="tests.test_comprehensive_hr.TestHRPlatformComprehensive" name="test_15_get_offboarding_stats" time="0.042" /><testcase classname="tests.test_comprehensive_hr.TestHRPlatformComprehensive" name="test_16_get_expenses_list" time="0.040" /><testcase classname="tests.test_comprehensive_hr.TestHRPlatformComprehensive" name="test_17_get_training_courses" time="0.039" /><testcase classname="tests.test_comprehensive_hr.TestHRPlatformComprehensive" name="test_18_get_training_requests" time="0.041" /><testcase classname="tests.test_comprehensive_hr.TestHRPlatformComprehensive" name="test_19_get_document_approvals" time="0.041" /><testcase classname="tests.test_comprehensive_hr.TestHRPlatformComprehensive" name="test_20_get_document_types" time="0.040" /><testcase classname="tests.test_comprehensive_hr.TestHRPlatformComprehensive" name="test_21_get_appraisal_cycles" time="0.044" /><testcase classname="tests.test_comprehensive_hr.TestHRPlatformComprehensive" name="test_22_get_appraisals_list" time="0.051" /><testcase classname="tests.test_comprehensive_hr.TestHRPlatformComprehensive" name="test_23_get_appraisal_stats" time="0.077" /><testcase classname="tests.test_comprehensive_hr.TestHRPlatformComprehensive" name="test_24_get_org_chart" time="0.041" /><testcase classname="tests.test_comprehensive_hr.TestHRPlatformComprehensive" name="test_25_get_settings" time="0.037" /><testcase classname="tests.test_comprehensive_hr.TestHRPlatformComprehensive" name="test_26_employee_get_my_appraisals" time="0.042" /><testcase classname="tests.test_comprehensive_hr.TestHRPlatformComprehensive" name="test_27_employee_get_my_documents" time="0.038" /><testcase classname="tests.test_comprehensive_hr.TestHRPlatformComprehensive" name="test_28_employee_get_my_training" time="0.037" /><testcase classname="tests.test_comprehensive_hr.TestHRPlatformComprehensive" name="test_29_employee_get_my_expenses" time="0.036" /><testcase classname="tests.test_comprehensive_hr.TestHRPlatformComprehensive" name="test_30_employee_get_my_onboarding" time="0.041" /><testcase classname="tests.test_comprehensive_hr.TestHRPlatformComprehensive" name="test_31_employee_get_my_offboarding" time="0.036" /><testcase classname="tests.test_comprehensive_hr.TestHRPlatformComprehensive" name="test_32_get_corporations" time="0.075" /><testcase classname="tests.test_comprehensive_hr.TestHRPlatformComprehensive" name="test_33_get_branches" time="0.038" /><testcase classname="tests.test_comprehensive_hr.TestHRPlatformComprehensive" name="test_34_get_departments" time="0.037" /><testcase classname="tests.test_comprehensive_hr.TestHRPlatformComprehensive" name="test_35_get_divisions" time="0.038" /><testcase classname="tests.test_comprehensive_hr.TestHRPlatformComprehensive" name="test_36_get_roles" time="0.035" /><testcase classname="tests.test_comprehensive_hr.TestHRPlatformComprehensive" name="test_37_get_workflows" time="0.040" /><testcase classname="tests.test_comprehensive_hr.TestHRPlatformComprehensive" name="test_38_get_schedules" time="0.043" /><testcase classname="tests.test_comprehensive_hr.TestHRPlatformComprehensive" name="test_39_get_performance_reviews" time="0.041" /><testcase classname="tests.test_comprehensive_hr.TestHRPlatformComprehensive" name="test_40_get_leave_balances" time="0.038" /></testsuite></testsuites>