<?xml version="1.0" encoding="utf-8"?><testsuites name="pytest tests"><testsuite name="pytest" errors="0" failures="0" skipped="0" tests="27" time="8.272" timestamp="2026-01-15T20:09:41.489425+00:00" hostname="agent-env-05cda11a-e88b-44d2-ae68-2998a1704406"><testcase classname="tests.test_hr_platform_iteration8.TestAuthentication" name="test_admin_login_success" time="0.295" /><testcase classname="tests.test_hr_platform_iteration8.TestAuthentication" name="test_employee_login_success" time="0.260" /><testcase classname="tests.test_hr_platform_iteration8.TestAuthentication" name="test_login_invalid_credentials" time="0.042" /><testcase classname="tests.test_hr_platform_iteration8.TestDashboardStats" name="test_dashboard_stats" time="0.315" /><testcase classname="tests.test_hr_platform_iteration8.TestDataIntegrity" name="test_employees_have_valid_user_ids" time="0.340" /><testcase classname="tests.test_hr_platform_iteration8.TestDataIntegrity" name="test_employees_have_full_names" time="0.307" /><testcase classname="tests.test_hr_platform_iteration8.TestEmployeesModule" name="test_get_employees_list" time="0.297" /><testcase classname="tests.test_hr_platform_iteration8.TestEmployeesModule" name="test_get_single_employee" time="0.331" /><testcase classname="tests.test_hr_platform_iteration8.TestLeaveModule" name="test_get_leave_balance" time="0.338" /><testcase classname="tests.test_hr_platform_iteration8.TestLeaveModule" name="test_get_all_leave_balances" time="0.298" /><testcase classname="tests.test_hr_platform_iteration8.TestPayrollModule" name="test_get_payroll_stats" time="0.317" /><testcase classname="tests.test_hr_platform_iteration8.TestPayrollModule" name="test_get_salary_structures" time="0.297" /><testcase classname="tests.test_hr_platform_iteration8.TestPayrollModule" name="test_get_payslips" time="0.306" /><testcase classname="tests.test_hr_platform_iteration8.TestPayrollModule" name="test_get_payroll_runs" time="0.294" /><testcase classname="tests.test_hr_platform_iteration8.TestOrgChartModule" name="test_get_org_chart" time="0.313" /><testcase classname="tests.test_hr_platform_iteration8.TestAppraisalsModule" name="test_get_appraisal_cycles" time="0.310" /><testcase classname="tests.test_hr_platform_iteration8.TestAppraisalsModule" name="test_get_appraisals" time="0.302" /><testcase classname="tests.test_hr_platform_iteration8.TestAppraisalsModule" name="test_get_appraisal_stats" time="0.360" /><testcase classname="tests.test_hr_platform_iteration8.TestDocumentsModule" name="test_get_document_approvals" time="0.303" /><testcase classname="tests.test_hr_platform_iteration8.TestDocumentsModule" name="test_get_document_types" time="0.301" /><testcase classname="tests.test_hr_platform_iteration8.TestOrganizationStructure" name="test_get_corporations" time="0.315" /><testcase classname="tests.test_hr_platform_iteration8.TestOrganizationStructure" name="test_get_branches" time="0.310" /><testcase classname="tests.test_hr_platform_iteration8.TestOrganizationStructure" name="test_get_departments" time="0.330" /><testcase classname="tests.test_hr_platform_iteration8.TestOrganizationStructure" name="test_get_divisions" time="0.309" /><testcase classname="tests.test_hr_platform_iteration8.TestEmployeeAccess" name="test_employee_can_view_leaves" time="0.341" /><testcase classname="tests.test_hr_platform_iteration8.TestEmployeeAccess" name="test_employee_can_view_my_appraisals" time="0.311" /><testcase classname="tests.test_hr_platform_iteration8.TestEmployeeAccess" name="test_employee_can_view_my_documents" time="0.327" /></testsuite></testsuites>