<?xml version="1.0" encoding="utf-8"?><testsuites name="pytest tests"><testsuite name="pytest" errors="0" failures="1" skipped="1" tests="26" time="7.419" timestamp="2026-01-15T11:12:40.898416+00:00" hostname="agent-env-f1858d54-ddcd-419b-9db3-4c406427ee77"><testcase classname="tests.test_offboarding.TestAuth" name="test_admin_login" time="0.324" /><testcase classname="tests.test_offboarding.TestAuth" name="test_employee_login" time="0.295" /><testcase classname="tests.test_offboarding.TestOffboardingTemplates" name="test_get_templates_list" time="0.311" /><testcase classname="tests.test_offboarding.TestOffboardingTemplates" name="test_create_template_with_tasks" time="0.317" /><testcase classname="tests.test_offboarding.TestOffboardingTemplates" name="test_get_template_by_id" time="0.266" /><testcase classname="tests.test_offboarding.TestOffboardingTemplates" name="test_update_template" time="0.310" /><testcase classname="tests.test_offboarding.TestOffboardingTemplates" name="test_template_not_found" time="0.265" /><testcase classname="tests.test_offboarding.TestOffboardings" name="test_get_offboardings_list" time="0.261" /><testcase classname="tests.test_offboarding.TestOffboardings" name="test_get_offboarding_stats" time="0.304" /><testcase classname="tests.test_offboarding.TestOffboardings" name="test_create_offboarding_from_template" time="0.291" /><testcase classname="tests.test_offboarding.TestOffboardings" name="test_create_offboarding_without_template" time="0.267"><failure message="AttributeError: 'str' object has no attribute 'get'">tests/test_offboarding.py:281: in test_create_offboarding_without_template
    if emp["id"] not in [SARAH_EMPLOYEE_ID] and emp["id"] not in [o.get("employee_id") for o in created_offboarding_ids]:
                                                                 ^^^^^^^^^^^^^^^^^^^^^^^^^^^^^^^^^^^^^^^^^^^^^^^^^^^^^^^
tests/test_offboarding.py:281: in &lt;listcomp&gt;
    if emp["id"] not in [SARAH_EMPLOYEE_ID] and emp["id"] not in [o.get("employee_id") for o in created_offboarding_ids]:
                                                                  ^^^^^
E   AttributeError: 'str' object has no attribute 'get'</failure></testcase><testcase classname="tests.test_offboarding.TestOffboardings" name="test_get_offboarding_by_id" time="0.264" /><testcase classname="tests.test_offboarding.TestOffboardings" name="test_filter_offboardings_by_status" time="0.303" /><testcase classname="tests.test_offboarding.TestOffboardings" name="test_offboarding_not_found" time="0.263" /><testcase classname="tests.test_offboarding.TestTaskCompletion" name="test_complete_task" time="0.269" /><testcase classname="tests.test_offboarding.TestTaskCompletion" name="test_uncomplete_task" time="0.262" /><testcase classname="tests.test_offboarding.TestTaskCompletion" name="test_invalid_task_index" time="0.261" /><testcase classname="tests.test_offboarding.TestTaskCompletion" name="test_auto_complete_offboarding" time="0.309" /><testcase classname="tests.test_offboarding.TestClearance" name="test_update_clearance" time="0.286" /><testcase classname="tests.test_offboarding.TestClearance" name="test_update_all_clearances" time="0.264" /><testcase classname="tests.test_offboarding.TestExitInterview" name="test_update_exit_interview" time="0.264" /><testcase classname="tests.test_offboarding.TestFeedback" name="test_submit_feedback" time="0.268" /><testcase classname="tests.test_offboarding.TestMyOffboarding" name="test_get_my_offboarding_as_employee" time="0.262" /><testcase classname="tests.test_offboarding.TestUpdateOffboarding" name="test_update_offboarding_status" time="0.254"><skipped type="pytest.skip" message="Need at least 2 offboardings">/app/tests/test_offboarding.py:598: Need at least 2 offboardings</skipped></testcase><testcase classname="tests.test_offboarding.TestCleanup" name="test_delete_offboardings" time="0.272" /><testcase classname="tests.test_offboarding.TestCleanup" name="test_delete_templates" time="0.262" /></testsuite></testsuites>