<?xml version="1.0" encoding="utf-8"?><testsuites name="pytest tests"><testsuite name="pytest" errors="0" failures="0" skipped="0" tests="23" time="6.699" timestamp="2026-01-15T10:47:44.960246+00:00" hostname="agent-env-f1858d54-ddcd-419b-9db3-4c406427ee77"><testcase classname="tests.test_onboarding.TestOnboardingModule" name="test_01_admin_login" time="0.291" /><testcase classname="tests.test_onboarding.TestOnboardingModule" name="test_02_employee_login" time="0.297" /><testcase classname="tests.test_onboarding.TestOnboardingModule" name="test_03_get_templates_empty_or_existing" time="0.267" /><testcase classname="tests.test_onboarding.TestOnboardingModule" name="test_04_create_template_with_tasks" time="0.353" /><testcase classname="tests.test_onboarding.TestOnboardingModule" name="test_05_get_template_by_id" time="0.267" /><testcase classname="tests.test_onboarding.TestOnboardingModule" name="test_06_update_template" time="0.270" /><testcase classname="tests.test_onboarding.TestOnboardingModule" name="test_07_get_onboarding_stats" time="0.262" /><testcase classname="tests.test_onboarding.TestOnboardingModule" name="test_08_get_onboardings_list" time="0.262" /><testcase classname="tests.test_onboarding.TestOnboardingModule" name="test_09_create_onboarding_from_template" time="0.282" /><testcase classname="tests.test_onboarding.TestOnboardingModule" name="test_10_get_onboarding_by_id" time="0.261" /><testcase classname="tests.test_onboarding.TestOnboardingModule" name="test_11_filter_onboardings_by_status" time="0.267" /><testcase classname="tests.test_onboarding.TestOnboardingModule" name="test_12_filter_onboardings_by_employee" time="0.262" /><testcase classname="tests.test_onboarding.TestOnboardingModule" name="test_13_complete_task" time="0.263" /><testcase classname="tests.test_onboarding.TestOnboardingModule" name="test_14_uncomplete_task" time="0.261" /><testcase classname="tests.test_onboarding.TestOnboardingModule" name="test_15_complete_all_tasks_auto_complete" time="0.308" /><testcase classname="tests.test_onboarding.TestOnboardingModule" name="test_16_submit_feedback" time="0.260" /><testcase classname="tests.test_onboarding.TestOnboardingModule" name="test_17_get_my_onboarding_employee" time="0.260" /><testcase classname="tests.test_onboarding.TestOnboardingModule" name="test_18_update_onboarding_status" time="0.264" /><testcase classname="tests.test_onboarding.TestOnboardingModule" name="test_19_delete_onboarding" time="0.354" /><testcase classname="tests.test_onboarding.TestOnboardingModule" name="test_20_delete_template" time="0.333" /><testcase classname="tests.test_onboarding.TestOnboardingModule" name="test_21_get_nonexistent_template" time="0.262" /><testcase classname="tests.test_onboarding.TestOnboardingModule" name="test_22_get_nonexistent_onboarding" time="0.265" /><testcase classname="tests.test_onboarding.TestOnboardingModule" name="test_23_update_task_invalid_index" time="0.394" /></testsuite></testsuites>