<?xml version="1.0" encoding="utf-8"?><testsuites name="pytest tests"><testsuite name="pytest" errors="0" failures="1" skipped="0" tests="26" time="15.943" timestamp="2026-01-15T10:11:11.947919+00:00" hostname="agent-env-83509fd6-0f66-4330-997b-bbf8be18b00f"><testcase classname="tests.test_recruitment.TestRecruitmentModule" name="test_01_create_job_posting" time="0.672" /><testcase classname="tests.test_recruitment.TestRecruitmentModule" name="test_02_get_all_jobs" time="0.616" /><testcase classname="tests.test_recruitment.TestRecruitmentModule" name="test_03_get_job_by_id" time="0.619" /><testcase classname="tests.test_recruitment.TestRecruitmentModule" name="test_04_update_job_posting" time="0.621" /><testcase classname="tests.test_recruitment.TestRecruitmentModule" name="test_05_get_open_jobs" time="0.612" /><testcase classname="tests.test_recruitment.TestRecruitmentModule" name="test_06_filter_jobs_by_status" time="0.630" /><testcase classname="tests.test_recruitment.TestRecruitmentModule" name="test_07_get_job_stats" time="0.575" /><testcase classname="tests.test_recruitment.TestRecruitmentModule" name="test_08_create_application" time="0.591" /><testcase classname="tests.test_recruitment.TestRecruitmentModule" name="test_09_get_all_applications" time="0.599" /><testcase classname="tests.test_recruitment.TestRecruitmentModule" name="test_10_get_application_by_id" time="0.664" /><testcase classname="tests.test_recruitment.TestRecruitmentModule" name="test_11_filter_applications_by_job" time="0.586" /><testcase classname="tests.test_recruitment.TestRecruitmentModule" name="test_12_update_application_status" time="0.631" /><testcase classname="tests.test_recruitment.TestRecruitmentModule" name="test_13_rate_application" time="0.579" /><testcase classname="tests.test_recruitment.TestRecruitmentModule" name="test_14_export_applications" time="0.597"><failure message="AssertionError: assert 'records' in [{'Applied Date': '2026-01-15', 'Candidate Name': 'TEST_John Doe', 'Email': 'test.john.doe@example.com', 'Expected Salary': 150000.0, ...}]">tests/test_recruitment.py:290: in test_14_export_applications
    assert "records" in data
E   AssertionError: assert 'records' in [{'Applied Date': '2026-01-15', 'Candidate Name': 'TEST_John Doe', 'Email': 'test.john.doe@example.com', 'Expected Salary': 150000.0, ...}]</failure></testcase><testcase classname="tests.test_recruitment.TestRecruitmentModule" name="test_15_create_referral_application" time="0.581" /><testcase classname="tests.test_recruitment.TestRecruitmentModule" name="test_16_get_my_referrals" time="0.577" /><testcase classname="tests.test_recruitment.TestRecruitmentModule" name="test_17_filter_applications_by_referral" time="0.598" /><testcase classname="tests.test_recruitment.TestRecruitmentModule" name="test_18_schedule_interview" time="0.586" /><testcase classname="tests.test_recruitment.TestRecruitmentModule" name="test_19_get_all_interviews" time="0.581" /><testcase classname="tests.test_recruitment.TestRecruitmentModule" name="test_20_filter_interviews_by_application" time="0.566" /><testcase classname="tests.test_recruitment.TestRecruitmentModule" name="test_21_update_interview" time="0.577" /><testcase classname="tests.test_recruitment.TestRecruitmentModule" name="test_22_get_recruitment_stats" time="0.653" /><testcase classname="tests.test_recruitment.TestRecruitmentModule" name="test_23_delete_interview" time="0.653" /><testcase classname="tests.test_recruitment.TestRecruitmentModule" name="test_24_delete_referral_application" time="0.575" /><testcase classname="tests.test_recruitment.TestRecruitmentModule" name="test_25_delete_application" time="0.573" /><testcase classname="tests.test_recruitment.TestRecruitmentModule" name="test_26_delete_job" time="0.675" /></testsuite></testsuites>