<?xml version="1.0" encoding="utf-8"?><testsuites name="pytest tests"><testsuite name="pytest" errors="0" failures="0" skipped="0" tests="26" time="15.896" timestamp="2026-01-15T10:11:55.620945+00:00" hostname="agent-env-83509fd6-0f66-4330-997b-bbf8be18b00f"><testcase classname="tests.test_recruitment.TestRecruitmentModule" name="test_01_create_job_posting" time="0.649" /><testcase classname="tests.test_recruitment.TestRecruitmentModule" name="test_02_get_all_jobs" time="0.579" /><testcase classname="tests.test_recruitment.TestRecruitmentModule" name="test_03_get_job_by_id" time="0.610" /><testcase classname="tests.test_recruitment.TestRecruitmentModule" name="test_04_update_job_posting" time="0.627" /><testcase classname="tests.test_recruitment.TestRecruitmentModule" name="test_05_get_open_jobs" time="0.611" /><testcase classname="tests.test_recruitment.TestRecruitmentModule" name="test_06_filter_jobs_by_status" time="0.652" /><testcase classname="tests.test_recruitment.TestRecruitmentModule" name="test_07_get_job_stats" time="0.576" /><testcase classname="tests.test_recruitment.TestRecruitmentModule" name="test_08_create_application" time="0.631" /><testcase classname="tests.test_recruitment.TestRecruitmentModule" name="test_09_get_all_applications" time="0.626" /><testcase classname="tests.test_recruitment.TestRecruitmentModule" name="test_10_get_application_by_id" time="0.610" /><testcase classname="tests.test_recruitment.TestRecruitmentModule" name="test_11_filter_applications_by_job" time="0.574" /><testcase classname="tests.test_recruitment.TestRecruitmentModule" name="test_12_update_application_status" time="0.612" /><testcase classname="tests.test_recruitment.TestRecruitmentModule" name="test_13_rate_application" time="0.572" /><testcase classname="tests.test_recruitment.TestRecruitmentModule" name="test_14_export_applications" time="0.614" /><testcase classname="tests.test_recruitment.TestRecruitmentModule" name="test_15_create_referral_application" time="0.623" /><testcase classname="tests.test_recruitment.TestRecruitmentModule" name="test_16_get_my_referrals" time="0.584" /><testcase classname="tests.test_recruitment.TestRecruitmentModule" name="test_17_filter_applications_by_referral" time="0.594" /><testcase classname="tests.test_recruitment.TestRecruitmentModule" name="test_18_schedule_interview" time="0.575" /><testcase classname="tests.test_recruitment.TestRecruitmentModule" name="test_19_get_all_interviews" time="0.613" /><testcase classname="tests.test_recruitment.TestRecruitmentModule" name="test_20_filter_interviews_by_application" time="0.620" /><testcase classname="tests.test_recruitment.TestRecruitmentModule" name="test_21_update_interview" time="0.610" /><testcase classname="tests.test_recruitment.TestRecruitmentModule" name="test_22_get_recruitment_stats" time="0.612" /><testcase classname="tests.test_recruitment.TestRecruitmentModule" name="test_23_delete_interview" time="0.571" /><testcase classname="tests.test_recruitment.TestRecruitmentModule" name="test_24_delete_referral_application" time="0.613" /><testcase classname="tests.test_recruitment.TestRecruitmentModule" name="test_25_delete_application" time="0.572" /><testcase classname="tests.test_recruitment.TestRecruitmentModule" name="test_26_delete_job" time="0.673" /></testsuite></testsuites>