<?xml version="1.0" encoding="utf-8"?><testsuites name="pytest tests"><testsuite name="pytest" errors="0" failures="1" skipped="0" tests="10" time="3.365" timestamp="2026-01-15T06:59:31.794341+00:00" hostname="agent-env-a567faaf-afec-40a6-8ac1-4783dfa028a7"><testcase classname="tests.test_role_assignment.TestRoleAssignment" name="test_get_roles_returns_list" time="0.329" /><testcase classname="tests.test_role_assignment.TestRoleAssignment" name="test_roles_have_required_fields" time="0.289" /><testcase classname="tests.test_role_assignment.TestRoleAssignment" name="test_default_roles_exist" time="0.332" /><testcase classname="tests.test_role_assignment.TestRoleAssignment" name="test_roles_have_display_names" time="0.289" /><testcase classname="tests.test_role_assignment.TestRoleAssignment" name="test_create_employee_with_role_id" time="0.299" /><testcase classname="tests.test_role_assignment.TestRoleAssignment" name="test_create_employee_without_role_id" time="0.377" /><testcase classname="tests.test_role_assignment.TestRoleAssignment" name="test_update_employee_role_id" time="0.384" /><testcase classname="tests.test_role_assignment.TestRoleAssignment" name="test_remove_employee_role_id" time="0.384" /><testcase classname="tests.test_role_assignment.TestRoleAssignment" name="test_employee_list_includes_role_id" time="0.285"><failure message="assert 520 == 200&#10; +  where 520 = &lt;Response [520]&gt;.status_code">tests/test_role_assignment.py:233: in test_employee_list_includes_role_id
    assert response.status_code == 200
E   assert 520 == 200
E    +  where 520 = &lt;Response [520]&gt;.status_code</failure></testcase><testcase classname="tests.test_role_assignment.TestRoleAssignment" name="test_get_single_role_by_id" time="0.326" /></testsuite></testsuites>