<?xml version="1.0" encoding="utf-8"?><testsuites name="pytest tests"><testsuite name="pytest" errors="0" failures="1" skipped="0" tests="19" time="10.119" timestamp="2026-01-15T09:45:47.485317+00:00" hostname="agent-env-83509fd6-0f66-4330-997b-bbf8be18b00f"><testcase classname="tests.test_workflow_system.TestWorkflowSystem" name="test_get_workflows_returns_list" time="0.488" /><testcase classname="tests.test_workflow_system.TestWorkflowSystem" name="test_create_workflow_template" time="0.380" /><testcase classname="tests.test_workflow_system.TestWorkflowSystem" name="test_get_single_workflow" time="0.490" /><testcase classname="tests.test_workflow_system.TestWorkflowSystem" name="test_update_workflow_template" time="0.504" /><testcase classname="tests.test_workflow_system.TestWorkflowSystem" name="test_delete_workflow_template" time="0.409" /><testcase classname="tests.test_workflow_system.TestWorkflowSystem" name="test_filter_workflows_by_module" time="0.384" /><testcase classname="tests.test_workflow_system.TestWorkflowSystem" name="test_get_workflow_instances" time="0.422" /><testcase classname="tests.test_workflow_system.TestWorkflowSystem" name="test_filter_instances_by_module" time="0.414" /><testcase classname="tests.test_workflow_system.TestWorkflowSystem" name="test_filter_instances_by_status" time="0.427" /><testcase classname="tests.test_workflow_system.TestWorkflowSystem" name="test_leave_triggers_workflow_when_active_workflow_exists" time="0.980" /><testcase classname="tests.test_workflow_system.TestWorkflowSystem" name="test_approve_workflow_instance" time="1.063" /><testcase classname="tests.test_workflow_system.TestWorkflowSystem" name="test_reject_workflow_instance" time="0.939" /><testcase classname="tests.test_workflow_system.TestWorkflowSystem" name="test_get_workflow_instance_details" time="0.354" /><testcase classname="tests.test_workflow_system.TestWorkflowSystem" name="test_time_correction_triggers_workflow" time="0.409"><failure message="AssertionError: Failed to create time correction: Internal Server Error&#10;assert 520 == 200&#10; +  where 520 = &lt;Response [520]&gt;.status_code">tests/test_workflow_system.py:449: in test_time_correction_triggers_workflow
    assert correction_response.status_code == 200, f"Failed to create time correction: {correction_response.text}"
E   AssertionError: Failed to create time correction: Internal Server Error
E   assert 520 == 200
E    +  where 520 = &lt;Response [520]&gt;.status_code</failure></testcase><testcase classname="tests.test_workflow_system.TestWorkflowSystem" name="test_workflow_with_multiple_steps" time="0.556" /><testcase classname="tests.test_workflow_system.TestWorkflowSystem" name="test_workflow_step_history_recorded" time="0.907" /><testcase classname="tests.test_workflow_system.TestExistingWorkflows" name="test_leave_approval_workflow_exists" time="0.265" /><testcase classname="tests.test_workflow_system.TestExistingWorkflows" name="test_time_correction_workflow_exists" time="0.300" /><testcase classname="tests.test_workflow_system.TestExistingWorkflows" name="test_workflow_stats" time="0.281" /></testsuite></testsuites>